<?xml version="1.0" encoding="UTF-8"?>
<!-- Generated by org.testng.reporters.JUnitReportReporter -->
<testsuite hostname="LAPTOP-2E8A84ST" failures="0" tests="1" name="beauty.LaunchSuger_Test" time="8.130" errors="0" timestamp="2024-05-22T08:41:25 IST" skipped="0">
  <testcase classname="beauty.LaunchSuger_Test" name="nykaa" time="8.130">
    <system-out>
      <![CDATA[Window is maximized]]>
    </system-out>
  </testcase> <!-- nykaa -->
  <system-out>
    <![CDATA[Window is maximized
Window is maximized
Window is maximized]]>
  </system-out>
</testsuite> <!-- beauty.LaunchSuger_Test -->
