<?xml version="1.0" encoding="UTF-8"?>
<!-- Generated by org.testng.reporters.JUnitReportReporter -->
<testsuite hostname="LAPTOP-2E8A84ST" failures="0" tests="1" name="beauty.LaunchDove" time="11.831" errors="0" timestamp="2024-05-21T08:38:50 IST" skipped="0">
  <testcase classname="beauty.LaunchDove" name="nykaa" time="11.831">
    <system-out>
      <![CDATA[Window is maximized]]>
    </system-out>
  </testcase> <!-- nykaa -->
  <system-out>
    <![CDATA[Window is maximized]]>
  </system-out>
</testsuite> <!-- beauty.LaunchDove -->
