<?xml version="1.0" encoding="UTF-8"?>
<!-- Generated by org.testng.reporters.JUnitReportReporter -->
<testsuite hostname="LAPTOP-2E8A84ST" failures="0" tests="1" name="beauty.LaunchNykaa" time="10.374" errors="0" timestamp="2024-05-21T08:36:57 IST" skipped="0">
  <testcase classname="beauty.LaunchNykaa" name="nykaa" time="10.374">
    <system-out>
      <![CDATA[Window is maximized]]>
    </system-out>
  </testcase> <!-- nykaa -->
  <system-out>
    <![CDATA[Window is maximized]]>
  </system-out>
</testsuite> <!-- beauty.LaunchNykaa -->
