<?xml version="1.0" encoding="UTF-8"?>
<!-- Generated by org.testng.reporters.JUnitReportReporter -->
<testsuite hostname="LAPTOP-2E8A84ST" failures="0" tests="1" name="food.LaunchDominos" time="8.001" errors="0" timestamp="2024-05-21T08:48:30 IST" skipped="0">
  <testcase classname="food.LaunchDominos" name="nykaa" time="8.001">
    <system-out>
      <![CDATA[Window is maximized]]>
    </system-out>
  </testcase> <!-- nykaa -->
  <system-out>
    <![CDATA[Window is maximized]]>
  </system-out>
</testsuite> <!-- food.LaunchDominos -->
