<?xml version="1.0" encoding="UTF-8"?>
<!-- Generated by org.testng.reporters.JUnitReportReporter -->
<testsuite hostname="LAPTOP-2E8A84ST" failures="0" tests="1" name="beauty.LaunchSuger" time="13.443" errors="0" timestamp="2024-05-21T08:40:37 IST" skipped="0">
  <testcase classname="beauty.LaunchSuger" name="nykaa" time="13.443">
    <system-out>
      <![CDATA[Window is maximized]]>
    </system-out>
  </testcase> <!-- nykaa -->
  <system-out>
    <![CDATA[Window is maximized]]>
  </system-out>
</testsuite> <!-- beauty.LaunchSuger -->
