<?xml version="1.0" encoding="UTF-8"?>
<!-- Generated by org.testng.reporters.JUnitReportReporter -->
<testsuite hostname="LAPTOP-2E8A84ST" failures="0" tests="1" name="Ecommerce.LaunchFlipkart" time="9.098" errors="0" timestamp="2024-05-21T08:43:34 IST" skipped="0">
  <testcase classname="Ecommerce.LaunchFlipkart" name="nykaa" time="9.098">
    <system-out>
      <![CDATA[Window is maximized]]>
    </system-out>
  </testcase> <!-- nykaa -->
  <system-out>
    <![CDATA[Window is maximized]]>
  </system-out>
</testsuite> <!-- Ecommerce.LaunchFlipkart -->
