<?xml version="1.0" encoding="UTF-8"?>
<!-- Generated by org.testng.reporters.JUnitReportReporter -->
<testsuite hostname="LAPTOP-2E8A84ST" failures="0" tests="1" name="extentReport.Script01" time="9.125" errors="0" timestamp="2024-05-25T08:34:40 IST" skipped="0">
  <testcase classname="extentReport.Script01" name="script1" time="9.125"/>
</testsuite> <!-- extentReport.Script01 -->
