<?xml version="1.0" encoding="UTF-8"?>
<!-- Generated by org.testng.reporters.JUnitReportReporter -->
<testsuite hostname="LAPTOP-2E8A84ST" failures="0" tests="1" name="food.LaunchKFC" time="5.701" errors="0" timestamp="2024-05-21T08:48:58 IST" skipped="0">
  <testcase classname="food.LaunchKFC" name="nykaa" time="5.701">
    <system-out>
      <![CDATA[Window is maximized]]>
    </system-out>
  </testcase> <!-- nykaa -->
  <system-out>
    <![CDATA[Window is maximized]]>
  </system-out>
</testsuite> <!-- food.LaunchKFC -->
