<?xml version="1.0" encoding="UTF-8"?>
<!-- Generated by org.testng.reporters.JUnitReportReporter -->
<testsuite hostname="LAPTOP-2E8A84ST" failures="0" tests="1" name="extentReport.Script02" time="7.799" errors="0" timestamp="2024-05-25T08:58:18 IST" skipped="0">
  <testcase classname="extentReport.Script02" name="script2" time="7.799"/>
</testsuite> <!-- extentReport.Script02 -->
