<?xml version="1.0" encoding="UTF-8"?>
<!-- Generated by org.testng.reporters.JUnitReportReporter -->
<testsuite hostname="LAPTOP-2E8A84ST" failures="0" tests="1" name="Ecommerce.LaunchAmazon_Test" time="7.675" errors="0" timestamp="2024-05-24T08:01:42 IST" skipped="0">
  <testcase classname="Ecommerce.LaunchAmazon_Test" name="nykaa" time="7.675">
    <system-out>
      <![CDATA[Window is maximized]]>
    </system-out>
  </testcase> <!-- nykaa -->
  <system-out>
    <![CDATA[Window is maximized
Window is maximized
Window is maximized]]>
  </system-out>
</testsuite> <!-- Ecommerce.LaunchAmazon_Test -->
