<?xml version="1.0" encoding="UTF-8"?>
<!-- Generated by org.testng.reporters.JUnitReportReporter -->
<testsuite hostname="LAPTOP-2E8A84ST" failures="0" tests="1" name="beauty.LaunchDove_Test" time="9.066" errors="0" timestamp="2024-05-24T08:05:13 IST" skipped="0">
  <testcase classname="beauty.LaunchDove_Test" name="nykaa" time="9.066">
    <system-out>
      <![CDATA[Window is maximized]]>
    </system-out>
  </testcase> <!-- nykaa -->
  <system-out>
    <![CDATA[Window is maximized
Window is maximized
Window is maximized]]>
  </system-out>
</testsuite> <!-- beauty.LaunchDove_Test -->
