<?xml version="1.0" encoding="UTF-8"?>
<!-- Generated by org.testng.reporters.JUnitReportReporter -->
<testsuite hostname="LAPTOP-2E8A84ST" failures="0" tests="1" name="food.LaunchKFC_Test" time="16.485" errors="0" timestamp="2024-05-24T07:51:49 IST" skipped="0">
  <testcase classname="food.LaunchKFC_Test" name="nykaa" time="16.485">
    <system-out>
      <![CDATA[Window is maximized]]>
    </system-out>
  </testcase> <!-- nykaa -->
  <system-out>
    <![CDATA[Window is maximized
Window is maximized
Window is maximized]]>
  </system-out>
</testsuite> <!-- food.LaunchKFC_Test -->
